<?xml version="1.0" encoding="UTF-8"?>
<!-- Generated by org.testng.reporters.JUnitReportReporter -->
<testsuite hostname="LAPTOP-GKQFO98N" name="com.magneto.testcases.ShareWishListTestCase" tests="1" failures="0" timestamp="14 Sep 2019 17:54:24 GMT" time="33.124" errors="0">
  <testcase name="verifyShareWishList" time="33.124" classname="com.magneto.testcases.ShareWishListTestCase"/>
</testsuite> <!-- com.magneto.testcases.ShareWishListTestCase -->
