<?xml version="1.0" encoding="UTF-8"?>
<!-- Generated by org.testng.reporters.JUnitReportReporter -->
<testsuite hostname="LAPTOP-GKQFO98N" name="com.magneto.testcases.ShoppingCartTestCase" tests="2" failures="0" timestamp="15 Sep 2019 20:56:08 GMT" time="107.536" errors="0">
  <testcase name="verifyShippingCostGenerated" time="47.296" classname="com.magneto.testcases.ShoppingCartTestCase"/>
  <testcase name="verifyOrderNoISGenerated" time="60.240" classname="com.magneto.testcases.ShoppingCartTestCase"/>
</testsuite> <!-- com.magneto.testcases.ShoppingCartTestCase -->
