<?xml version="1.0" encoding="UTF-8"?>
<!-- Generated by org.testng.reporters.JUnitReportReporter -->
<testsuite hostname="LAPTOP-GKQFO98N" name="com.magneto.testcases.AddToCartTestCase" tests="1" failures="0" timestamp="13 Sep 2019 10:40:05 GMT" time="50.326" errors="0">
  <testcase name="errorMessgaeOnExceedProducts" time="50.326" classname="com.magneto.testcases.AddToCartTestCase"/>
</testsuite> <!-- com.magneto.testcases.AddToCartTestCase -->
