<?xml version="1.0" encoding="UTF-8"?>
<!-- Generated by org.testng.reporters.JUnitReportReporter -->
<testsuite hostname="LAPTOP-GKQFO98N" name="com.magneto.testcases.MyOrdersTestCase" tests="1" failures="0" timestamp="15 Sep 2019 21:29:33 GMT" time="34.485" errors="0">
  <testcase name="abc" time="34.485" classname="com.magneto.testcases.MyOrdersTestCase"/>
</testsuite> <!-- com.magneto.testcases.MyOrdersTestCase -->
