<?xml version="1.0" encoding="UTF-8"?>
<!-- Generated by org.testng.reporters.JUnitReportReporter -->
<testsuite hostname="LAPTOP-GKQFO98N" name="com.magneto.testcases.HomeTestCase" tests="1" failures="0" timestamp="11 Sep 2019 18:24:03 GMT" time="36.126" errors="0">
  <testcase name="verifyTitleOfHomePageTest" time="36.126" classname="com.magneto.testcases.HomeTestCase"/>
</testsuite> <!-- com.magneto.testcases.HomeTestCase -->
