<?xml version="1.0" encoding="UTF-8"?>
<!-- Generated by org.testng.reporters.JUnitReportReporter -->
<testsuite hostname="LAPTOP-GKQFO98N" name="com.magneto.testcases.AddToCompareTestCase" tests="1" failures="0" timestamp="14 Sep 2019 07:24:37 GMT" time="25.858" errors="0">
  <testcase name="verifyCompareTwoProducts" time="25.858" classname="com.magneto.testcases.AddToCompareTestCase"/>
</testsuite> <!-- com.magneto.testcases.AddToCompareTestCase -->
