<?xml version="1.0" encoding="UTF-8"?>
<!-- Generated by org.testng.reporters.JUnitReportReporter -->
<testsuite hostname="LAPTOP-GKQFO98N" name="com.magneto.testcases.RegistrationTestCase" tests="1" failures="0" timestamp="14 Sep 2019 13:35:31 GMT" time="27.797" errors="0">
  <testcase name="verifyRegistration" time="27.797" classname="com.magneto.testcases.RegistrationTestCase"/>
</testsuite> <!-- com.magneto.testcases.RegistrationTestCase -->
