<?xml version="1.0" encoding="UTF-8"?>
<!-- Generated by org.testng.reporters.JUnitReportReporter -->
<testsuite hostname="LAPTOP-GKQFO98N" name="com.magneto.testcases.CreateAccountTestCase" tests="1" failures="0" timestamp="14 Sep 2019 09:49:32 GMT" time="34.272" errors="0">
  <testcase name="createAccount" time="34.272" classname="com.magneto.testcases.CreateAccountTestCase"/>
</testsuite> <!-- com.magneto.testcases.CreateAccountTestCase -->
