<?xml version="1.0" encoding="UTF-8"?>
<!-- Generated by org.testng.reporters.JUnitReportReporter -->
<testsuite hostname="LAPTOP-GKQFO98N" name="com.magneto.testcases.MobileTestCase" tests="1" failures="0" timestamp="12 Sep 2019 17:39:24 GMT" time="51.540" errors="0">
  <testcase name="cost" time="51.540" classname="com.magneto.testcases.MobileTestCase"/>
</testsuite> <!-- com.magneto.testcases.MobileTestCase -->
